<?xml version="1.0" encoding="UTF-8"?>
<!-- Generated by org.testng.reporters.JUnitXMLReporter -->
<testsuite hostname="rtsubhro-PC" ignored="0" name="Listeners Test" tests="5" failures="1" timestamp="2022-03-21T15:55:24 EDT" time="0.219" errors="0">
  <testcase name="testFour" time="0.016" classname="org.raysrus.listeners.SampleTestListenersExample">
    <skipped/>
  </testcase> <!-- testFour -->
  <testcase name="testOne" time="0.0" classname="org.raysrus.listeners.SampleTestListenersExample"/>
  <testcase name="testThree" time="0.0" classname="org.raysrus.listeners.SampleTestListenersExample">
    <failure type="java.lang.AssertionError" message="expected [55] but found [50]">
      <![CDATA[java.lang.AssertionError: expected [55] but found [50]
at org.raysrus.listeners.SampleTestListenersExample.testThree(SampleTestListenersExample.java:28)
at java.util.ArrayList.forEach(ArrayList.java:1259)
... Removed 33 stack frames]]>
    </failure>
  </testcase> <!-- testThree -->
  <testcase name="testTwo" time="0.015" classname="org.raysrus.listeners.SampleTestListenersExample"/>
  <testcase name="testTwo" time="0.0" classname="org.raysrus.listeners.SampleTestListenersExample"/>
</testsuite> <!-- Listeners Test -->
